Command line invocation:
    /Applications/Xcode.app/Contents/Developer/usr/bin/xcodebuild -project /Users/kartz/Development/Kaka/ios/AgentPocket.xcodeproj -scheme AgentPocket -configuration Debug -skipMacroValidation -destination "platform=iOS Simulator,id=52C38F02-6CCF-4FCA-A135-E5F30601B7DF" -collect-test-diagnostics never -derivedDataPath /Users/kartz/Library/Developer/XcodeBuildMCP/workspaces/Kaka-bdb73b178aa0/DerivedData/AgentPocket-024e056b9a44 -skipMacroValidation build

Resolve Package Graph


Resolved source packages:
  AgentPocket: /Users/kartz/Development/Kaka @ local

ComputePackagePrebuildTargetDependencyGraph

Prepare packages

CreateBuildRequest

SendProjectDescription

CreateBuildOperation

ComputeTargetDependencyGraph
note: Building targets in dependency order
note: Target dependency graph (7 targets)
    Target 'AgentPocket' in project 'AgentPocket'
        ➜ Explicit dependency on target 'KakaShareExtension' in project 'AgentPocket'
        ➜ Explicit dependency on target 'AgentPocketTaskActivityWidget' in project 'AgentPocket'
        ➜ Explicit dependency on target 'AgentPocketCore' in project 'AgentPocket'
        ➜ Explicit dependency on target 'AgentPocketUI' in project 'AgentPocket'
    Target 'AgentPocketUI' in project 'AgentPocket'
        ➜ Explicit dependency on target 'AgentPocketUI' in project 'AgentPocket'
        ➜ Explicit dependency on target 'AgentPocketCore' in project 'AgentPocket'
    Target 'AgentPocketUI' in project 'AgentPocket'
        ➜ Explicit dependency on target 'AgentPocketCore' in project 'AgentPocket'
    Target 'AgentPocketTaskActivityWidget' in project 'AgentPocket'
        ➜ Explicit dependency on target 'AgentPocketCore' in project 'AgentPocket'
    Target 'KakaShareExtension' in project 'AgentPocket'
        ➜ Explicit dependency on target 'AgentPocketCore' in project 'AgentPocket'
    Target 'AgentPocketCore' in project 'AgentPocket'
        ➜ Explicit dependency on target 'AgentPocketCore' in project 'AgentPocket'
    Target 'AgentPocketCore' in project 'AgentPocket' (no dependencies)

GatherProvisioningInputs

CreateBuildDescription

ClangStatCache /Applications/Xcode.app/Contents/Developer/Toolchains/XcodeDefault.xctoolchain/usr/bin/clang-stat-cache /Applications/Xcode.app/Contents/Developer/Platforms/iPhoneSimulator.platform/Developer/SDKs/iPhoneSimulator26.5.sdk /Users/kartz/Library/Developer/XcodeBuildMCP/workspaces/Kaka-bdb73b178aa0/DerivedData/AgentPocket-024e056b9a44/SDKStatCaches.noindex/iphonesimulator26.5-23F73-6cfe768891a92b912361537c460fe42b.sdkstatcache
    cd /Users/kartz/Development/Kaka/ios/AgentPocket.xcodeproj
    /Applications/Xcode.app/Contents/Developer/Toolchains/XcodeDefault.xctoolchain/usr/bin/clang-stat-cache /Applications/Xcode.app/Contents/Developer/Platforms/iPhoneSimulator.platform/Developer/SDKs/iPhoneSimulator26.5.sdk -o /Users/kartz/Library/Developer/XcodeBuildMCP/workspaces/Kaka-bdb73b178aa0/DerivedData/AgentPocket-024e056b9a44/SDKStatCaches.noindex/iphonesimulator26.5-23F73-6cfe768891a92b912361537c460fe42b.sdkstatcache

ProcessInfoPlistFile /Users/kartz/Library/Developer/XcodeBuildMCP/workspaces/Kaka-bdb73b178aa0/DerivedData/AgentPocket-024e056b9a44/Build/Products/Debug-iphonesimulator/AgentPocketTaskActivityWidget.appex/Info.plist /Users/kartz/Development/Kaka/ios/AgentPocketTaskActivityWidget/Info.plist (in target 'AgentPocketTaskActivityWidget' from project 'AgentPocket' at path '/Users/kartz/Development/Kaka/ios/AgentPocket.xcodeproj')
    cd /Users/kartz/Development/Kaka/ios
    builtin-infoPlistUtility /Users/kartz/Development/Kaka/ios/AgentPocketTaskActivityWidget/Info.plist -producttype com.apple.product-type.app-extension -expandbuildsettings -format binary -platform iphonesimulator -o /Users/kartz/Library/Developer/XcodeBuildMCP/workspaces/Kaka-bdb73b178aa0/DerivedData/AgentPocket-024e056b9a44/Build/Products/Debug-iphonesimulator/AgentPocketTaskActivityWidget.appex/Info.plist

ProcessInfoPlistFile /Users/kartz/Library/Developer/XcodeBuildMCP/workspaces/Kaka-bdb73b178aa0/DerivedData/AgentPocket-024e056b9a44/Build/Products/Debug-iphonesimulator/KakaShareExtension.appex/Info.plist /Users/kartz/Development/Kaka/ios/KakaShareExtension/Info.plist (in target 'KakaShareExtension' from project 'AgentPocket' at path '/Users/kartz/Development/Kaka/ios/AgentPocket.xcodeproj')
    cd /Users/kartz/Development/Kaka/ios
    builtin-infoPlistUtility /Users/kartz/Development/Kaka/ios/KakaShareExtension/Info.plist -producttype com.apple.product-type.app-extension -expandbuildsettings -format binary -platform iphonesimulator -o /Users/kartz/Library/Developer/XcodeBuildMCP/workspaces/Kaka-bdb73b178aa0/DerivedData/AgentPocket-024e056b9a44/Build/Products/Debug-iphonesimulator/KakaShareExtension.appex/Info.plist

ProcessInfoPlistFile /Users/kartz/Library/Developer/XcodeBuildMCP/workspaces/Kaka-bdb73b178aa0/DerivedData/AgentPocket-024e056b9a44/Build/Products/Debug-iphonesimulator/AgentPocket.app/Info.plist /Users/kartz/Development/Kaka/ios/AgentPocket/Info.plist (in target 'AgentPocket' from project 'AgentPocket' at path '/Users/kartz/Development/Kaka/ios/AgentPocket.xcodeproj')
    cd /Users/kartz/Development/Kaka/ios
    builtin-infoPlistUtility /Users/kartz/Development/Kaka/ios/AgentPocket/Info.plist -producttype com.apple.product-type.application -genpkginfo /Users/kartz/Library/Developer/XcodeBuildMCP/workspaces/Kaka-bdb73b178aa0/DerivedData/AgentPocket-024e056b9a44/Build/Products/Debug-iphonesimulator/AgentPocket.app/PkgInfo -expandbuildsettings -format binary -platform iphonesimulator -scanforprivacyfile /Users/kartz/Library/Developer/XcodeBuildMCP/workspaces/Kaka-bdb73b178aa0/DerivedData/AgentPocket-024e056b9a44/Build/Products/Debug-iphonesimulator/AgentPocket.app/PlugIns/AgentPocketTaskActivityWidget.appex -scanforprivacyfile /Users/kartz/Library/Developer/XcodeBuildMCP/workspaces/Kaka-bdb73b178aa0/DerivedData/AgentPocket-024e056b9a44/Build/Products/Debug-iphonesimulator/AgentPocket.app/PlugIns/KakaShareExtension.appex -o /Users/kartz/Library/Developer/XcodeBuildMCP/workspaces/Kaka-bdb73b178aa0/DerivedData/AgentPocket-024e056b9a44/Build/Products/Debug-iphonesimulator/AgentPocket.app/Info.plist

CopySwiftLibs /Users/kartz/Library/Developer/XcodeBuildMCP/workspaces/Kaka-bdb73b178aa0/DerivedData/AgentPocket-024e056b9a44/Build/Products/Debug-iphonesimulator/AgentPocket.app (in target 'AgentPocket' from project 'AgentPocket' at path '/Users/kartz/Development/Kaka/ios/AgentPocket.xcodeproj')
    cd /Users/kartz/Development/Kaka/ios
    builtin-swiftStdLibTool --copy --verbose --sign - --scan-executable /Users/kartz/Library/Developer/XcodeBuildMCP/workspaces/Kaka-bdb73b178aa0/DerivedData/AgentPocket-024e056b9a44/Build/Products/Debug-iphonesimulator/AgentPocket.app/AgentPocket.debug.dylib --scan-folder /Users/kartz/Library/Developer/XcodeBuildMCP/workspaces/Kaka-bdb73b178aa0/DerivedData/AgentPocket-024e056b9a44/Build/Products/Debug-iphonesimulator/AgentPocket.app/Frameworks --scan-folder /Users/kartz/Library/Developer/XcodeBuildMCP/workspaces/Kaka-bdb73b178aa0/DerivedData/AgentPocket-024e056b9a44/Build/Products/Debug-iphonesimulator/AgentPocket.app/PlugIns --scan-folder /Users/kartz/Library/Developer/XcodeBuildMCP/workspaces/Kaka-bdb73b178aa0/DerivedData/AgentPocket-024e056b9a44/Build/Products/Debug-iphonesimulator/AgentPocket.app/SystemExtensions --scan-folder /Users/kartz/Library/Developer/XcodeBuildMCP/workspaces/Kaka-bdb73b178aa0/DerivedData/AgentPocket-024e056b9a44/Build/Products/Debug-iphonesimulator/AgentPocket.app/Extensions --platform iphonesimulator --toolchain /Applications/Xcode.app/Contents/Developer/Toolchains/XcodeDefault.xctoolchain --destination /Users/kartz/Library/Developer/XcodeBuildMCP/workspaces/Kaka-bdb73b178aa0/DerivedData/AgentPocket-024e056b9a44/Build/Products/Debug-iphonesimulator/AgentPocket.app/Frameworks --strip-bitcode --strip-bitcode-tool /Applications/Xcode.app/Contents/Developer/Toolchains/XcodeDefault.xctoolchain/usr/bin/bitcode_strip --emit-dependency-info /Users/kartz/Library/Developer/XcodeBuildMCP/workspaces/Kaka-bdb73b178aa0/DerivedData/AgentPocket-024e056b9a44/Build/Intermediates.noindex/AgentPocket.build/Debug-iphonesimulator/AgentPocket.build/SwiftStdLibToolInputDependencies.dep --filter-for-swift-os

** BUILD SUCCEEDED **

